<?xml version="1.0" encoding="UTF-8"?>
<!-- Generated by org.testng.reporters.JUnitXMLReporter -->
<testsuite ignored="0" hostname="NithyaLenova" failures="0" tests="11" name="Testing Chrome" time="332.823" errors="0" timestamp="2024-03-03T12:54:18 CST">
  <testcase classname="goibibo_project.Goibibo_Testcase8" name="search_oneway_flight" time="35.419"/>
  <testcase classname="goibibo_project.Goibibo_Testcase9" name="multiple_passengers_singlebooking" time="17.281"/>
  <testcase classname="goibibo_project.Goibibo_Testcase14" name="domestic_roundtrip_flight" time="32.841"/>
  <testcase classname="goibibo_project.Goibibo_Testcase15" name="search_oneway_flight" time="31.456"/>
  <testcase classname="goibibo_project.Goibibo_Testcase10" name="flight_info_faredetails_baggage_link_verify" time="18.842"/>
  <testcase classname="goibibo_project.Goibibo_Testcase11" name="verify_user_personaldetails_with_promocode" time="27.462"/>
  <testcase classname="goibibo_project.Goibibo_Testcase4" name="search_oneway_flight" time="16.651"/>
  <testcase classname="goibibo_project.Goibibo_Testcase13" name="search_oneway_flight" time="22.045"/>
  <testcase classname="goibibo_project.Goibibo_Testcase7" name="roundtrip_flight" time="15.956"/>
  <testcase classname="goibibo_project.Goibibo_Testcase6" name="roundtrip_flight" time="33.957"/>
  <testcase classname="goibibo_project.Goibibo_Testcase5" name="roundtrip_flight" time="17.323"/>
</testsuite> <!-- Testing Chrome -->
