<?xml version="1.0" encoding="UTF-8"?>
<!-- Generated by org.testng.reporters.JUnitXMLReporter -->
<testsuite ignored="0" hostname="NithyaLenova" failures="0" tests="12" name="Testing Edge" time="466.338" errors="0" timestamp="2024-02-25T09:23:24 CST">
  <testcase classname="automation_project_amazon.Amazon_Testcase09" name="verify_shopping_cart_prd_page" time="31.066"/>
  <testcase classname="automation_project_amazon.Amazon_Testcase06" name="searching_with_filters" time="21.628"/>
  <testcase classname="automation_project_amazon.Amazon_Testcase05" name="search_the_product" time="20.397"/>
  <testcase classname="automation_project_amazon.Amazon_Testcase08" name="sorting_price_etc" time="19.706"/>
  <testcase classname="automation_project_amazon.Amazon_Testcase07" name="necessary_info_price_reviews" time="18.87"/>
  <testcase classname="automation_project_amazon.Amazon_Testcase13" name="verify_coupon_applied_cart" time="120.376"/>
  <testcase classname="automation_project_amazon.Amazon_Testcase02" name="check_username_password" time="5.735"/>
  <testcase classname="automation_project_amazon.Amazon_Testcase12" name="verify_shopping_cart" time="41.356"/>
  <testcase classname="automation_project_amazon.Amazon_Testcase04" name="edit_profile_info" time="26.039"/>
  <testcase classname="automation_project_amazon.Amazon_Testcase14" name="last_ordered_five_star_ratings" time="61.447"/>
  <testcase classname="automation_project_amazon.Amazon_Testcase11" name="entire_checkout_process" time="39.072"/>
  <testcase classname="automation_project_amazon.Amazon_Testcase10" name="verify_shopping_cart_update_delete_cart" time="20.431"/>
</testsuite> <!-- Testing Edge -->
