<?xml version="1.0" encoding="UTF-8"?>
<!-- Generated by org.testng.reporters.JUnitXMLReporter -->
<testsuite ignored="0" hostname="NithyaLenova" failures="0" tests="12" name="Testing Chrome" time="301.25" errors="0" timestamp="2024-02-25T09:15:37 CST">
  <testcase classname="automation_project_amazon.Amazon_Testcase09" name="verify_shopping_cart_prd_page" time="16.891"/>
  <testcase classname="automation_project_amazon.Amazon_Testcase06" name="searching_with_filters" time="21.218"/>
  <testcase classname="automation_project_amazon.Amazon_Testcase05" name="search_the_product" time="9.708"/>
  <testcase classname="automation_project_amazon.Amazon_Testcase08" name="sorting_price_etc" time="19.256"/>
  <testcase classname="automation_project_amazon.Amazon_Testcase07" name="necessary_info_price_reviews" time="18.755"/>
  <testcase classname="automation_project_amazon.Amazon_Testcase13" name="verify_coupon_applied_cart" time="32.713"/>
  <testcase classname="automation_project_amazon.Amazon_Testcase02" name="check_username_password" time="6.331"/>
  <testcase classname="automation_project_amazon.Amazon_Testcase12" name="verify_shopping_cart" time="42.472"/>
  <testcase classname="automation_project_amazon.Amazon_Testcase04" name="edit_profile_info" time="13.322"/>
  <testcase classname="automation_project_amazon.Amazon_Testcase14" name="last_ordered_five_star_ratings" time="20.399"/>
  <testcase classname="automation_project_amazon.Amazon_Testcase11" name="entire_checkout_process" time="28.553"/>
  <testcase classname="automation_project_amazon.Amazon_Testcase10" name="verify_shopping_cart_update_delete_cart" time="31.23"/>
</testsuite> <!-- Testing Chrome -->
