<?xml version="1.0" encoding="UTF-8"?>
<!-- Generated by org.testng.reporters.JUnitXMLReporter -->
<testsuite ignored="0" hostname="NithyaLenova" failures="0" tests="9" name="Testing Edge" time="279.484" errors="0" timestamp="2024-02-12T13:14:05 CST">
  <testcase classname="maven_assignment.Amz_Smoke_01" name="login_with_valid_credentials" time="14.782"/>
  <testcase classname="maven_assignment.Amz_Smoke_02" name="wish_list" time="23.923"/>
  <testcase classname="maven_assignment.Amz_Smoke_03" name="wishlist" time="24.482"/>
  <testcase classname="maven_assignment.Amz_Smoke_04" name="cod" time="24.787"/>
  <testcase classname="maven_assignment.Amz_Smoke_05" name="credit_card" time="42.122"/>
  <testcase classname="maven_assignment.Amz_Smoke_06" name="debit_card" time="26.439"/>
  <testcase classname="maven_assignment.Amz_Smoke_07" name="upi" time="36.014"/>
  <testcase classname="maven_assignment.Amz_Smoke_08" name="credit_card" time="33.186"/>
  <testcase classname="maven_assignment.Amz_Smoke_09" name="update_address" time="16.34"/>
</testsuite> <!-- Testing Edge -->
