<?xml version="1.0" encoding="UTF-8"?>
<!-- Generated by org.testng.reporters.JUnitXMLReporter -->
<testsuite ignored="0" hostname="NithyaLenova" failures="0" tests="9" name="Testing Chrome" time="239.241" errors="0" timestamp="2024-02-12T13:09:26 CST">
  <testcase classname="maven_assignment.Amz_Smoke_01" name="login_with_valid_credentials" time="13.537"/>
  <testcase classname="maven_assignment.Amz_Smoke_02" name="wish_list" time="14.273"/>
  <testcase classname="maven_assignment.Amz_Smoke_03" name="wishlist" time="16.331"/>
  <testcase classname="maven_assignment.Amz_Smoke_04" name="cod" time="33.081"/>
  <testcase classname="maven_assignment.Amz_Smoke_05" name="credit_card" time="28.538"/>
  <testcase classname="maven_assignment.Amz_Smoke_06" name="debit_card" time="35.471"/>
  <testcase classname="maven_assignment.Amz_Smoke_07" name="upi" time="34.169"/>
  <testcase classname="maven_assignment.Amz_Smoke_08" name="credit_card" time="25.338"/>
  <testcase classname="maven_assignment.Amz_Smoke_09" name="update_address" time="15.71"/>
</testsuite> <!-- Testing Chrome -->
