<?xml version="1.0" encoding="UTF-8"?>
<testng-results ignored="0" total="1" passed="1" failed="0" skipped="0">
  <reporter-output>
    <line>
      <![CDATA[Test case is just started]]>
    </line>
    <line>
      <![CDATA[Test case Started]]>
    </line>
    <line>
      <![CDATA[Test case is passed]]>
    </line>
  </reporter-output>
  <suite started-at="2024-03-04T21:58:56 CST" name="Suite" finished-at="2024-03-04T22:00:29 CST" duration-ms="93244">
    <groups>
    </groups>
    <test started-at="2024-03-04T21:58:56 CST" name="Testing Chrome" finished-at="2024-03-04T22:00:29 CST" duration-ms="93244">
      <class name="goibibo_project.Goibibo_Testcase12">
        <test-method is-config="true" signature="browserlaunch(java.lang.String)[pri:0, instance:goibibo_project.Goibibo_Testcase12@25fb8912]" started-at="2024-03-04T21:58:57 CST" name="browserlaunch" finished-at="2024-03-04T21:59:02 CST" duration-ms="5037" status="PASS">
          <params>
            <param index="0">
              <value>
                <![CDATA[Chrome]]>
              </value>
            </param>
          </params>
          <reporter-output>
          </reporter-output>
        </test-method> <!-- browserlaunch -->
        <test-method signature="login_search_logout(java.lang.String)[pri:0, instance:goibibo_project.Goibibo_Testcase12@25fb8912]" started-at="2024-03-04T21:59:02 CST" name="login_search_logout" data-provider="Login" finished-at="2024-03-04T22:00:28 CST" duration-ms="86291" status="PASS">
          <params>
            <param index="0">
              <value>
                <![CDATA[7339443860]]>
              </value>
            </param>
          </params>
          <reporter-output>
            <line>
              <![CDATA[Test case Started]]>
            </line>
            <line>
              <![CDATA[Test case is passed]]>
            </line>
          </reporter-output>
        </test-method> <!-- login_search_logout -->
        <test-method is-config="true" signature="quit()[pri:0, instance:goibibo_project.Goibibo_Testcase12@25fb8912]" started-at="2024-03-04T22:00:29 CST" name="quit" finished-at="2024-03-04T22:00:29 CST" duration-ms="0" status="PASS">
          <reporter-output>
          </reporter-output>
        </test-method> <!-- quit -->
      </class> <!-- goibibo_project.Goibibo_Testcase12 -->
    </test> <!-- Testing Chrome -->
  </suite> <!-- Suite -->
</testng-results>
