<?xml version="1.0" encoding="UTF-8"?>
<testng-results ignored="0" total="1" passed="1" failed="0" skipped="0">
  <reporter-output>
  </reporter-output>
  <suite started-at="2024-02-15T20:59:16 CST" name="Suite" finished-at="2024-02-15T20:59:51 CST" duration-ms="35249">
    <groups>
    </groups>
    <test started-at="2024-02-15T20:59:16 CST" name="Testing Chrome" finished-at="2024-02-15T20:59:51 CST" duration-ms="35249">
      <class name="maven_assignment.Amz_Smoke_09">
        <test-method is-config="true" signature="browserlaunch(java.lang.String)[pri:0, instance:maven_assignment.Amz_Smoke_09@4fb3ee4e]" started-at="2024-02-15T20:59:17 CST" name="browserlaunch" finished-at="2024-02-15T20:59:19 CST" duration-ms="2749" status="PASS">
          <params>
            <param index="0">
              <value>
                <![CDATA[Chrome]]>
              </value>
            </param>
          </params>
          <reporter-output>
          </reporter-output>
        </test-method> <!-- browserlaunch -->
        <test-method signature="update_address(java.lang.String,java.lang.String)[pri:0, instance:maven_assignment.Amz_Smoke_09@4fb3ee4e]" started-at="2024-02-15T20:59:19 CST" name="update_address" data-provider="Login" finished-at="2024-02-15T20:59:51 CST" duration-ms="31708" status="PASS">
          <params>
            <param index="0">
              <value>
                <![CDATA[7339443860]]>
              </value>
            </param>
            <param index="1">
              <value>
                <![CDATA[Vijaya@@@]]>
              </value>
            </param>
          </params>
          <reporter-output>
          </reporter-output>
        </test-method> <!-- update_address -->
        <test-method is-config="true" signature="quit()[pri:0, instance:maven_assignment.Amz_Smoke_09@4fb3ee4e]" started-at="2024-02-15T20:59:51 CST" name="quit" finished-at="2024-02-15T20:59:51 CST" duration-ms="0" status="PASS">
          <reporter-output>
          </reporter-output>
        </test-method> <!-- quit -->
      </class> <!-- maven_assignment.Amz_Smoke_09 -->
    </test> <!-- Testing Chrome -->
  </suite> <!-- Suite -->
</testng-results>
